0 info it worked if it ends with ok
1 verbose cli [ 'C:\\Program Files\\nodejs\\node.exe',
1 verbose cli   'C:\\Program Files\\nodejs\\node_modules\\npm\\bin\\npm-cli.js',
1 verbose cli   'run',
1 verbose cli   'serve' ]
2 info using npm@3.6.0
3 info using node@v5.7.1
4 verbose run-script [ 'preserve', 'serve', 'postserve' ]
5 info lifecycle angular2-starter@0.0.1~preserve: angular2-starter@0.0.1
6 silly lifecycle angular2-starter@0.0.1~preserve: no script for preserve, continuing
7 info lifecycle angular2-starter@0.0.1~serve: angular2-starter@0.0.1
8 verbose lifecycle angular2-starter@0.0.1~serve: unsafe-perm in lifecycle true
9 verbose lifecycle angular2-starter@0.0.1~serve: PATH: C:\Program Files\nodejs\node_modules\npm\bin\node-gyp-bin;E:\Project\node_modules\.bin;C:\Users\vova\bin;C:\Program Files\Git\mingw64\bin;C:\Program Files\Git\usr\local\bin;C:\Program Files\Git\usr\bin;C:\Program Files\Git\usr\bin;C:\Program Files\Git\mingw64\bin;C:\Program Files\Git\usr\bin;C:\Users\vova\bin;C:\ProgramData\Oracle\Java\javapath;C:\Windows\system32;C:\Windows;C:\Windows\System32\Wbem;C:\Windows\System32\WindowsPowerShell\v1.0;C:\Program Files\Trend Micro\AMSP;C:\Program Files\Git\cmd;C:\Program Files (x86)\Skype\Phone;C:\Program Files\nodejs;C:\Users\vova\AppData\Roaming\npm;C:\Program Files\Git\usr\bin\vendor_perl;C:\Program Files\Git\usr\bin\core_perl
10 verbose lifecycle angular2-starter@0.0.1~serve: CWD: E:\Project
11 silly lifecycle angular2-starter@0.0.1~serve: Args: [ '/d /s /c', 'webpack-dev-server --inline --progress' ]
12 silly lifecycle angular2-starter@0.0.1~serve: Returned: code: 1  signal: null
13 info lifecycle angular2-starter@0.0.1~serve: Failed to exec serve script
14 verbose stack Error: angular2-starter@0.0.1 serve: `webpack-dev-server --inline --progress`
14 verbose stack Exit status 1
14 verbose stack     at EventEmitter.<anonymous> (C:\Program Files\nodejs\node_modules\npm\lib\utils\lifecycle.js:232:16)
14 verbose stack     at emitTwo (events.js:100:13)
14 verbose stack     at EventEmitter.emit (events.js:185:7)
14 verbose stack     at ChildProcess.<anonymous> (C:\Program Files\nodejs\node_modules\npm\lib\utils\spawn.js:24:14)
14 verbose stack     at emitTwo (events.js:100:13)
14 verbose stack     at ChildProcess.emit (events.js:185:7)
14 verbose stack     at maybeClose (internal/child_process.js:827:16)
14 verbose stack     at Process.ChildProcess._handle.onexit (internal/child_process.js:211:5)
15 verbose pkgid angular2-starter@0.0.1
16 verbose cwd E:\Project
17 error Windows_NT 6.1.7601
18 error argv "C:\\Program Files\\nodejs\\node.exe" "C:\\Program Files\\nodejs\\node_modules\\npm\\bin\\npm-cli.js" "run" "serve"
19 error node v5.7.1
20 error npm  v3.6.0
21 error code ELIFECYCLE
22 error angular2-starter@0.0.1 serve: `webpack-dev-server --inline --progress`
22 error Exit status 1
23 error Failed at the angular2-starter@0.0.1 serve script 'webpack-dev-server --inline --progress'.
23 error Make sure you have the latest version of node.js and npm installed.
23 error If you do, this is most likely a problem with the angular2-starter package,
23 error not with npm itself.
23 error Tell the author that this fails on your system:
23 error     webpack-dev-server --inline --progress
23 error You can get information on how to open an issue for this project with:
23 error     npm bugs angular2-starter
23 error Or if that isn't available, you can get their info via:
23 error     npm owner ls angular2-starter
23 error There is likely additional logging output above.
24 verbose exit [ 1, true ]
